<?xml version="1.0" encoding="UTF-8"?>
<testsuite xmlns:xsi="http://www.w3.org/2001/XMLSchema-instance" xsi:noNamespaceSchemaLocation="https://maven.apache.org/surefire/maven-surefire-plugin/xsd/surefire-test-report-3.0.xsd" version="3.0" name="org.ibs.TestRunner" time="8.963" tests="4" errors="0" skipped="0" failures="0">
  <properties>
[...]
</properties>
  <testcase name="Добавление в БД некорректных значений" classname="JDBC" time="2.506">
    <system-out><![CDATA[
Сценарий: Добавление в БД некорректных значений    &amp#27;[90m# src/test/resources/features/JDBC.feature:8&amp#27;[0m
  &amp#27;[32m* &amp#27;[0m&amp#27;[32mк БД выполнено подключение "&amp#27;[0m&amp#27;[32m&amp#27;[1mH2&amp#27;[0m&amp#27;[32m" с параметрами:&amp#27;[0m &amp#27;[90m# ru.ibsqa.chameleon.steps.DbStorySteps.connect(java.lang.String,java.util.List<ru.ibsqa.chameleon.converters.FieldValueTable>)&amp#27;[0m
    | field        | value |
    | Пользователь | user  |
    | Пароль       | pass  |
Значение NULL не разрешено для поля "FOOD_NAME"
NULL not allowed for column "FOOD_NAME"; SQL statement:
insert into food(food_id, food_name, food_type, food_exotic) values (?, ?, ?, ?); [23502-220]
Нарушение уникального индекса или первичного ключа: "PRIMARY KEY ON PUBLIC.FOOD(FOOD_ID) [1, STRINGDECODE('\u0413\u0440\u0443\u0448\u0430'), STRINGDECODE('\u041e\u0432\u043e\u0449'), 0]"
Unique index or primary key violation: "PRIMARY KEY ON PUBLIC.FOOD(FOOD_ID) [1, STRINGDECODE('\u0413\u0440\u0443\u0448\u0430'), STRINGDECODE('\u041e\u0432\u043e\u0449'), 0]"; SQL statement:
insert into food(food_id, food_name, food_type, food_exotic) values (?, ?, ?, ?); [23505-220]
Значение слишком длинное для поля "FOOD_EXOTIC DECIMAL(1, 0)": "12 (2)"
Value too long for column "FOOD_EXOTIC DECIMAL(1, 0)": "12 (2)"; SQL statement:
insert into food(food_id, food_name, food_type, food_exotic) values (?, ?, ?, ?); [22001-220]
Значение NULL не разрешено для поля "FOOD_TYPE"
NULL not allowed for column "FOOD_TYPE"; SQL statement:
insert into food(food_id, food_name, food_type, food_exotic) values (?, ?, ?, ?); [23502-220]
Значение NULL не разрешено для поля "FOOD_TYPE"
NULL not allowed for column "FOOD_TYPE"; SQL statement:
insert into food(food_id, food_name, food_type, food_exotic) values (?, ?, ?, ?); [23502-220]
Значение слишком длинное для поля "FOOD_EXOTIC DECIMAL(1, 0)": "12 (2)"
Value too long for column "FOOD_EXOTIC DECIMAL(1, 0)": "12 (2)"; SQL statement:
insert into food(food_id, food_name, food_type, food_exotic) values (?, ?, ?, ?); [22001-220]
Значение NULL не разрешено для поля "FOOD_NAME"
NULL not allowed for column "FOOD_NAME"; SQL statement:
insert into food(food_id, food_name, food_type, food_exotic) values (?, ?, ?, ?); [23502-220]
Значение NULL не разрешено для поля "FOOD_NAME"
NULL not allowed for column "FOOD_NAME"; SQL statement:
insert into food(food_id, food_name, food_type, food_exotic) values (?, ?, ?, ?); [23502-220]
  &amp#27;[32m* &amp#27;[0m&amp#27;[32mВведены некорректные данные:&amp#27;[0m                   &amp#27;[90m# ru.ibsqa.chameleon.steps.JDBCSteps.fillIncorrectValues(io.cucumber.datatable.DataTable)&amp#27;[0m
    | 5 | null   | null  | 12 |
    | 1 | Яблоко | FRUIT | 0  |
    | 1 | Банан  | FRUIT | 12 |
    | 1 | Банан  | null  | 0  |
    | 5 | Банан  | null  | 0  |
    | 5 | Банан  | FRUIT | 12 |
    | 1 | null   | FRUIT | 0  |
    | 5 | null   | FRUIT | 0  |
  &amp#27;[32m* &amp#27;[0m&amp#27;[32mзакрыто подключение к БД&amp#27;[0m                       &amp#27;[90m# ru.ibsqa.chameleon.steps.DbStorySteps.close()&amp#27;[0m
]]></system-out>
    <system-err><![CDATA[SLF4J: No SLF4J providers were found.
SLF4J: Defaulting to no-operation (NOP) logger implementation
SLF4J: See https://www.slf4j.org/codes.html#noProviders for further details.
]]></system-err>
  </testcase>
  <testcase name="Добавление в БД корректных значений" classname="JDBC" time="0.042">
    <system-out><![CDATA[
Сценарий: Добавление в БД корректных значений                      &amp#27;[90m# src/test/resources/features/JDBC.feature:25&amp#27;[0m
  &amp#27;[32m* &amp#27;[0m&amp#27;[32mк БД выполнено подключение "&amp#27;[0m&amp#27;[32m&amp#27;[1mH2&amp#27;[0m&amp#27;[32m" с параметрами:&amp#27;[0m                 &amp#27;[90m# ru.ibsqa.chameleon.steps.DbStorySteps.connect(java.lang.String,java.util.List<ru.ibsqa.chameleon.converters.FieldValueTable>)&amp#27;[0m
    | field        | value |
    | Пользователь | user  |
    | Пароль       | pass  |
  &amp#27;[32m* &amp#27;[0m&amp#27;[32mк БД выполняется запрос "&amp#27;[0m&amp#27;[32m&amp#27;[1mДобавление товара&amp#27;[0m&amp#27;[32m" c параметрами:&amp#27;[0m     &amp#27;[90m# ru.ibsqa.chameleon.steps.DbStorySteps.query(java.lang.String,java.util.List<ru.ibsqa.chameleon.converters.FieldValueTable>)&amp#27;[0m
    | field       | value |
    | food_id     | 5     |
    | food_name   | Банан |
    | food_type   | Фрукт |
    | food_exotic | 0     |
  &amp#27;[32m* &amp#27;[0m&amp#27;[32mк БД выполняется запрос "&amp#27;[0m&amp#27;[32m&amp#27;[1mУдвление товара по ID&amp#27;[0m&amp#27;[32m" c параметрами:&amp#27;[0m &amp#27;[90m# ru.ibsqa.chameleon.steps.DbStorySteps.query(java.lang.String,java.util.List<ru.ibsqa.chameleon.converters.FieldValueTable>)&amp#27;[0m
    | field   | value |
    | food_id | 5     |
  &amp#27;[32m* &amp#27;[0m&amp#27;[32mзакрыто подключение к БД&amp#27;[0m                                       &amp#27;[90m# ru.ibsqa.chameleon.steps.DbStorySteps.close()&amp#27;[0m
]]></system-out>
  </testcase>
  <testcase name="Example #1" classname="Примеры" time="4.1">
    <system-out><![CDATA[
Структура сценария: Test Scenario structure                                    &amp#27;[90m# src/test/resources/features/Добавление продукта в БД.feature:38&amp#27;[0m
  &amp#27;[32m* &amp#27;[0m&amp#27;[32mстраница "&amp#27;[0m&amp#27;[32m&amp#27;[1mГлавная страница&amp#27;[0m&amp#27;[32m" загружена&amp#27;[0m                                      &amp#27;[90m# ru.ibsqa.chameleon.steps.PageStorySteps.stepLoadedPage(java.lang.String)&amp#27;[0m
  &amp#27;[32m* &amp#27;[0m&amp#27;[32mкнопка "&amp#27;[0m&amp#27;[32m&amp#27;[1mПесочница&amp#27;[0m&amp#27;[32m" видима&amp#27;[0m                                                  &amp#27;[90m# ru.ibsqa.chameleon.steps.SeleniumFieldStorySteps.stepFieldIsDisplayed2(java.lang.String)&amp#27;[0m
  &amp#27;[32m* &amp#27;[0m&amp#27;[32mвыполнено нажатие на "&amp#27;[0m&amp#27;[32m&amp#27;[1mПесочница&amp#27;[0m&amp#27;[32m"&amp#27;[0m                                           &amp#27;[90m# ru.ibsqa.chameleon.steps.SeleniumFieldStorySteps.stepClickField(java.lang.String)&amp#27;[0m
  &amp#27;[32m* &amp#27;[0m&amp#27;[32mнажатием на кнопку "&amp#27;[0m&amp#27;[32m&amp#27;[1mТовары&amp#27;[0m&amp#27;[32m" загружена страница "&amp#27;[0m&amp#27;[32m&amp#27;[1mСписок товаров&amp#27;[0m&amp#27;[32m"&amp#27;[0m            &amp#27;[90m# ru.ibsqa.chameleon.steps.SeleniumFieldStorySteps.stepClickFieldAndPageLoaded(java.lang.String,java.lang.String)&amp#27;[0m
  &amp#27;[32m* &amp#27;[0m&amp#27;[32mстраница "&amp#27;[0m&amp#27;[32m&amp#27;[1mСписок товаров&amp#27;[0m&amp#27;[32m" загружена&amp#27;[0m                                        &amp#27;[90m# ru.ibsqa.chameleon.steps.PageStorySteps.stepLoadedPage(java.lang.String)&amp#27;[0m
  &amp#27;[32m* &amp#27;[0m&amp#27;[32mколичество элементов коллекции "&amp#27;[0m&amp#27;[32m&amp#27;[1mТаблица&amp#27;[0m&amp#27;[32m" &amp#27;[0m&amp#27;[32m&amp#27;[1mравно&amp#27;[0m&amp#27;[32m "&amp#27;[0m&amp#27;[32m&amp#27;[1m4&amp#27;[0m&amp#27;[32m"&amp#27;[0m                         &amp#27;[90m# ru.ibsqa.chameleon.steps.CollectionStorySteps.stepCheckItemCount(java.lang.String,java.lang.String,java.lang.String)&amp#27;[0m
  &amp#27;[32m* &amp#27;[0m&amp#27;[32mкнопка "&amp#27;[0m&amp#27;[32m&amp#27;[1mДобавить&amp#27;[0m&amp#27;[32m" видима&amp#27;[0m                                                   &amp#27;[90m# ru.ibsqa.chameleon.steps.SeleniumFieldStorySteps.stepFieldIsDisplayed2(java.lang.String)&amp#27;[0m
  &amp#27;[32m* &amp#27;[0m&amp#27;[32mнажатием на кнопку "&amp#27;[0m&amp#27;[32m&amp#27;[1mДобавить&amp#27;[0m&amp#27;[32m" загружена страница "&amp#27;[0m&amp#27;[32m&amp#27;[1mДобавление товара&amp#27;[0m&amp#27;[32m"&amp#27;[0m       &amp#27;[90m# ru.ibsqa.chameleon.steps.SeleniumFieldStorySteps.stepClickFieldAndPageLoaded(java.lang.String,java.lang.String)&amp#27;[0m
  &amp#27;[32m* &amp#27;[0m&amp#27;[32mполе "&amp#27;[0m&amp#27;[32m&amp#27;[1mНаименование&amp#27;[0m&amp#27;[32m" видимо&amp#27;[0m                                                 &amp#27;[90m# ru.ibsqa.chameleon.steps.SeleniumFieldStorySteps.stepFieldIsDisplayed1(java.lang.String)&amp#27;[0m
  &amp#27;[32m* &amp#27;[0m&amp#27;[32mзаполняются поля:&amp#27;[0m                                                          &amp#27;[90m# ru.ibsqa.chameleon.steps.CoreFieldStorySteps.stepFillFields(java.util.List<ru.ibsqa.chameleon.converters.FieldValueTable>)&amp#27;[0m
    | field        | value    |
    | Наименование | Картошка |
    | Тип          | Овощ     |
    | Экзотический | false    |
  &amp#27;[32m* &amp#27;[0m&amp#27;[32mкнопка "&amp#27;[0m&amp#27;[32m&amp#27;[1mСохранить&amp#27;[0m&amp#27;[32m" видима&amp#27;[0m                                                  &amp#27;[90m# ru.ibsqa.chameleon.steps.SeleniumFieldStorySteps.stepFieldIsDisplayed2(java.lang.String)&amp#27;[0m
  &amp#27;[32m* &amp#27;[0m&amp#27;[32mвыполнено нажатие на "&amp#27;[0m&amp#27;[32m&amp#27;[1mСохранить&amp#27;[0m&amp#27;[32m"&amp#27;[0m                                           &amp#27;[90m# ru.ibsqa.chameleon.steps.SeleniumFieldStorySteps.stepClickField(java.lang.String)&amp#27;[0m
  &amp#27;[32m* &amp#27;[0m&amp#27;[32mстраница "&amp#27;[0m&amp#27;[32m&amp#27;[1mСписок товаров&amp#27;[0m&amp#27;[32m" загружена&amp#27;[0m                                        &amp#27;[90m# ru.ibsqa.chameleon.steps.PageStorySteps.stepLoadedPage(java.lang.String)&amp#27;[0m
  &amp#27;[32m* &amp#27;[0m&amp#27;[32mожидается элемент коллекции "&amp#27;[0m&amp#27;[32m&amp#27;[1mТаблица&amp#27;[0m&amp#27;[32m" в течение "&amp#27;[0m&amp#27;[32m&amp#27;[1m10&amp#27;[0m&amp#27;[32m" секунд с параметрами:&amp#27;[0m &amp#27;[90m# ru.ibsqa.chameleon.steps.CollectionStorySteps.stepWaitCollectionByConditions(java.lang.String,java.lang.String,java.util.List<ru.ibsqa.chameleon.converters.FieldOperatorValueTable>)&amp#27;[0m
    | field        | value    |
    | Наименование | Картошка |
    | Тип          | Овощ     |
    | Экзотический | false    |
  &amp#27;[32m* &amp#27;[0m&amp#27;[32mколичество элементов коллекции "&amp#27;[0m&amp#27;[32m&amp#27;[1mТаблица&amp#27;[0m&amp#27;[32m" &amp#27;[0m&amp#27;[32m&amp#27;[1mравно&amp#27;[0m&amp#27;[32m "&amp#27;[0m&amp#27;[32m&amp#27;[1m5&amp#27;[0m&amp#27;[32m"&amp#27;[0m                         &amp#27;[90m# ru.ibsqa.chameleon.steps.CollectionStorySteps.stepCheckItemCount(java.lang.String,java.lang.String,java.lang.String)&amp#27;[0m
  &amp#27;[32m* &amp#27;[0m&amp#27;[32mсохранить скриншот "&amp#27;[0m&amp#27;[32m&amp#27;[1mКонец теста&amp#27;[0m&amp#27;[32m"&amp#27;[0m                                           &amp#27;[90m# ru.ibsqa.chameleon.steps.ScreenshotStorySteps.takeScreenshotToReport(java.lang.String)&amp#27;[0m
]]></system-out>
    <system-err><![CDATA[Starting Microsoft Edge WebDriver 120.0.2210.133 (5a3825c4628d0bef4e9a1ceca8987a524bbd379a) on port 9487
To submit feedback, report a bug, or suggest new features, please visit https://github.com/MicrosoftEdge/EdgeWebDriver

Only local connections are allowed.
Please see https://aka.ms/WebDriverSecurity for suggestions on keeping Microsoft Edge WebDriver safe.

Microsoft Edge WebDriver was started successfully.
янв. 19, 2024 5:20:58 AM org.openqa.selenium.devtools.CdpVersionFinder findNearestMatch
WARNING: Unable to find CDP implementation matching 120
янв. 19, 2024 5:20:58 AM org.openqa.selenium.chromium.ChromiumDriver lambda$new$3
WARNING: Unable to find version of CDP to use for . You may need to include a dependency on a specific version of the CDP using something similar to `org.seleniumhq.selenium:selenium-devtools-v86:4.6.0` where the version ("v86") matches the version of the chromium-based browser you're using and the version number of the artifact is the same as Selenium's.
]]></system-err>
  </testcase>
  <testcase name="Example #2" classname="Примеры" time="1.041">
    <system-out><![CDATA[
Структура сценария: Test Scenario structure                                    &amp#27;[90m# src/test/resources/features/Добавление продукта в БД.feature:39&amp#27;[0m
  &amp#27;[32m* &amp#27;[0m&amp#27;[32mстраница "&amp#27;[0m&amp#27;[32m&amp#27;[1mГлавная страница&amp#27;[0m&amp#27;[32m" загружена&amp#27;[0m                                      &amp#27;[90m# ru.ibsqa.chameleon.steps.PageStorySteps.stepLoadedPage(java.lang.String)&amp#27;[0m
  &amp#27;[32m* &amp#27;[0m&amp#27;[32mкнопка "&amp#27;[0m&amp#27;[32m&amp#27;[1mПесочница&amp#27;[0m&amp#27;[32m" видима&amp#27;[0m                                                  &amp#27;[90m# ru.ibsqa.chameleon.steps.SeleniumFieldStorySteps.stepFieldIsDisplayed2(java.lang.String)&amp#27;[0m
  &amp#27;[32m* &amp#27;[0m&amp#27;[32mвыполнено нажатие на "&amp#27;[0m&amp#27;[32m&amp#27;[1mПесочница&amp#27;[0m&amp#27;[32m"&amp#27;[0m                                           &amp#27;[90m# ru.ibsqa.chameleon.steps.SeleniumFieldStorySteps.stepClickField(java.lang.String)&amp#27;[0m
  &amp#27;[32m* &amp#27;[0m&amp#27;[32mнажатием на кнопку "&amp#27;[0m&amp#27;[32m&amp#27;[1mТовары&amp#27;[0m&amp#27;[32m" загружена страница "&amp#27;[0m&amp#27;[32m&amp#27;[1mСписок товаров&amp#27;[0m&amp#27;[32m"&amp#27;[0m            &amp#27;[90m# ru.ibsqa.chameleon.steps.SeleniumFieldStorySteps.stepClickFieldAndPageLoaded(java.lang.String,java.lang.String)&amp#27;[0m
  &amp#27;[32m* &amp#27;[0m&amp#27;[32mстраница "&amp#27;[0m&amp#27;[32m&amp#27;[1mСписок товаров&amp#27;[0m&amp#27;[32m" загружена&amp#27;[0m                                        &amp#27;[90m# ru.ibsqa.chameleon.steps.PageStorySteps.stepLoadedPage(java.lang.String)&amp#27;[0m
  &amp#27;[32m* &amp#27;[0m&amp#27;[32mколичество элементов коллекции "&amp#27;[0m&amp#27;[32m&amp#27;[1mТаблица&amp#27;[0m&amp#27;[32m" &amp#27;[0m&amp#27;[32m&amp#27;[1mравно&amp#27;[0m&amp#27;[32m "&amp#27;[0m&amp#27;[32m&amp#27;[1m5&amp#27;[0m&amp#27;[32m"&amp#27;[0m                         &amp#27;[90m# ru.ibsqa.chameleon.steps.CollectionStorySteps.stepCheckItemCount(java.lang.String,java.lang.String,java.lang.String)&amp#27;[0m
  &amp#27;[32m* &amp#27;[0m&amp#27;[32mкнопка "&amp#27;[0m&amp#27;[32m&amp#27;[1mДобавить&amp#27;[0m&amp#27;[32m" видима&amp#27;[0m                                                   &amp#27;[90m# ru.ibsqa.chameleon.steps.SeleniumFieldStorySteps.stepFieldIsDisplayed2(java.lang.String)&amp#27;[0m
  &amp#27;[32m* &amp#27;[0m&amp#27;[32mнажатием на кнопку "&amp#27;[0m&amp#27;[32m&amp#27;[1mДобавить&amp#27;[0m&amp#27;[32m" загружена страница "&amp#27;[0m&amp#27;[32m&amp#27;[1mДобавление товара&amp#27;[0m&amp#27;[32m"&amp#27;[0m       &amp#27;[90m# ru.ibsqa.chameleon.steps.SeleniumFieldStorySteps.stepClickFieldAndPageLoaded(java.lang.String,java.lang.String)&amp#27;[0m
  &amp#27;[32m* &amp#27;[0m&amp#27;[32mполе "&amp#27;[0m&amp#27;[32m&amp#27;[1mНаименование&amp#27;[0m&amp#27;[32m" видимо&amp#27;[0m                                                 &amp#27;[90m# ru.ibsqa.chameleon.steps.SeleniumFieldStorySteps.stepFieldIsDisplayed1(java.lang.String)&amp#27;[0m
  &amp#27;[32m* &amp#27;[0m&amp#27;[32mзаполняются поля:&amp#27;[0m                                                          &amp#27;[90m# ru.ibsqa.chameleon.steps.CoreFieldStorySteps.stepFillFields(java.util.List<ru.ibsqa.chameleon.converters.FieldValueTable>)&amp#27;[0m
    | field        | value |
    | Наименование | Манго |
    | Тип          | Фрукт |
    | Экзотический | true  |
  &amp#27;[32m* &amp#27;[0m&amp#27;[32mкнопка "&amp#27;[0m&amp#27;[32m&amp#27;[1mСохранить&amp#27;[0m&amp#27;[32m" видима&amp#27;[0m                                                  &amp#27;[90m# ru.ibsqa.chameleon.steps.SeleniumFieldStorySteps.stepFieldIsDisplayed2(java.lang.String)&amp#27;[0m
  &amp#27;[32m* &amp#27;[0m&amp#27;[32mвыполнено нажатие на "&amp#27;[0m&amp#27;[32m&amp#27;[1mСохранить&amp#27;[0m&amp#27;[32m"&amp#27;[0m                                           &amp#27;[90m# ru.ibsqa.chameleon.steps.SeleniumFieldStorySteps.stepClickField(java.lang.String)&amp#27;[0m
  &amp#27;[32m* &amp#27;[0m&amp#27;[32mстраница "&amp#27;[0m&amp#27;[32m&amp#27;[1mСписок товаров&amp#27;[0m&amp#27;[32m" загружена&amp#27;[0m                                        &amp#27;[90m# ru.ibsqa.chameleon.steps.PageStorySteps.stepLoadedPage(java.lang.String)&amp#27;[0m
  &amp#27;[32m* &amp#27;[0m&amp#27;[32mожидается элемент коллекции "&amp#27;[0m&amp#27;[32m&amp#27;[1mТаблица&amp#27;[0m&amp#27;[32m" в течение "&amp#27;[0m&amp#27;[32m&amp#27;[1m10&amp#27;[0m&amp#27;[32m" секунд с параметрами:&amp#27;[0m &amp#27;[90m# ru.ibsqa.chameleon.steps.CollectionStorySteps.stepWaitCollectionByConditions(java.lang.String,java.lang.String,java.util.List<ru.ibsqa.chameleon.converters.FieldOperatorValueTable>)&amp#27;[0m
    | field        | value |
    | Наименование | Манго |
    | Тип          | Фрукт |
    | Экзотический | true  |
  &amp#27;[32m* &amp#27;[0m&amp#27;[32mколичество элементов коллекции "&amp#27;[0m&amp#27;[32m&amp#27;[1mТаблица&amp#27;[0m&amp#27;[32m" &amp#27;[0m&amp#27;[32m&amp#27;[1mравно&amp#27;[0m&amp#27;[32m "&amp#27;[0m&amp#27;[32m&amp#27;[1m6&amp#27;[0m&amp#27;[32m"&amp#27;[0m                         &amp#27;[90m# ru.ibsqa.chameleon.steps.CollectionStorySteps.stepCheckItemCount(java.lang.String,java.lang.String,java.lang.String)&amp#27;[0m
  &amp#27;[32m* &amp#27;[0m&amp#27;[32mсохранить скриншот "&amp#27;[0m&amp#27;[32m&amp#27;[1mКонец теста&amp#27;[0m&amp#27;[32m"&amp#27;[0m                                           &amp#27;[90m# ru.ibsqa.chameleon.steps.ScreenshotStorySteps.takeScreenshotToReport(java.lang.String)&amp#27;[0m
]]></system-out>
  </testcase>
</testsuite>